# JRE version: OpenJDK Runtime Environment (11.0.12+7) (build 11.0.12+7-b1504.28-7817840)
# Java VM: OpenJDK 64-Bit Server VM (11.0.12+7-b1504.28-7817840, mixed mode, tiered, compressed oops, g1 gc, windows-amd64)
Heap:
 garbage-first heap   total 187392K, used 54396K [0x0000000080000000, 0x0000000100000000)
  region size 1024K, 4 young (4096K), 4 survivors (4096K)
 Metaspace       used 64724K, capacity 66392K, committed 66508K, reserved 1107968K
  class space    used 8236K, capacity 8831K, committed 8908K, reserved 1048576K
GC Heap History (20 events):
Event: 2.886 GC heap after
{Heap after GC invocations=4 (full 0):
 garbage-first heap   total 129024K, used 17390K [0x0000000080000000, 0x0000000100000000)
  region size 1024K, 1 young (1024K), 1 survivors (1024K)
 Metaspace       used 20638K, capacity 21081K, committed 21248K, reserved 1067008K
  class space    used 2538K, capacity 2695K, committed 2816K, reserved 1048576K
}
Event: 3.543 GC heap before
{Heap before GC invocations=5 (full 0):
 garbage-first heap   total 129024K, used 66542K [0x0000000080000000, 0x0000000100000000)
  region size 1024K, 50 young (51200K), 1 survivors (1024K)
 Metaspace       used 25862K, capacity 26502K, committed 26752K, reserved 1073152K
  class space    used 3382K, capacity 3615K, committed 3712K, reserved 1048576K
}
Event: 3.547 GC heap after
{Heap after GC invocations=6 (full 0):
 garbage-first heap   total 129024K, used 19172K [0x0000000080000000, 0x0000000100000000)
  region size 1024K, 3 young (3072K), 3 survivors (3072K)
 Metaspace       used 25862K, capacity 26502K, committed 26752K, reserved 1073152K
  class space    used 3382K, capacity 3615K, committed 3712K, reserved 1048576K
}
Event: 4.289 GC heap before
{Heap before GC invocations=6 (full 0):
 garbage-first heap   total 129024K, used 73444K [0x0000000080000000, 0x0000000100000000)
  region size 1024K, 56 young (57344K), 3 survivors (3072K)
 Metaspace       used 31494K, capacity 32214K, committed 32512K, reserved 1077248K
  class space    used 4218K, capacity 4502K, committed 4608K, reserved 1048576K
}
Event: 4.293 GC heap after
{Heap after GC invocations=7 (full 0):
 garbage-first heap   total 129024K, used 21486K [0x0000000080000000, 0x0000000100000000)
  region size 1024K, 5 young (5120K), 5 survivors (5120K)
 Metaspace       used 31494K, capacity 32214K, committed 32512K, reserved 1077248K
  class space    used 4218K, capacity 4502K, committed 4608K, reserved 1048576K
}
Event: 4.517 GC heap before
{Heap before GC invocations=7 (full 0):
 garbage-first heap   total 129024K, used 29678K [0x0000000080000000, 0x0000000100000000)
  region size 1024K, 15 young (15360K), 5 survivors (5120K)
 Metaspace       used 35019K, capacity 35786K, committed 35840K, reserved 1081344K
  class space    used 4561K, capacity 4863K, committed 4864K, reserved 1048576K
}
Event: 4.527 GC heap after
{Heap after GC invocations=8 (full 0):
 garbage-first heap   total 129024K, used 23169K [0x0000000080000000, 0x0000000100000000)
  region size 1024K, 4 young (4096K), 4 survivors (4096K)
 Metaspace       used 35019K, capacity 35786K, committed 35840K, reserved 1081344K
  class space    used 4561K, capacity 4863K, committed 4864K, reserved 1048576K
}
Event: 5.171 GC heap before
{Heap before GC invocations=9 (full 0):
 garbage-first heap   total 129024K, used 81537K [0x0000000080000000, 0x0000000100000000)
  region size 1024K, 59 young (60416K), 4 survivors (4096K)
 Metaspace       used 39114K, capacity 40056K, committed 40268K, reserved 1083392K
  class space    used 5025K, capacity 5387K, committed 5452K, reserved 1048576K
}
Event: 5.178 GC heap after
{Heap after GC invocations=10 (full 0):
 garbage-first heap   total 129024K, used 27084K [0x0000000080000000, 0x0000000100000000)
  region size 1024K, 8 young (8192K), 8 survivors (8192K)
 Metaspace       used 39114K, capacity 40056K, committed 40268K, reserved 1083392K
  class space    used 5025K, capacity 5387K, committed 5452K, reserved 1048576K
}
Event: 5.903 GC heap before
{Heap before GC invocations=10 (full 0):
 garbage-first heap   total 129024K, used 84428K [0x0000000080000000, 0x0000000100000000)
  region size 1024K, 64 young (65536K), 8 survivors (8192K)
 Metaspace       used 44363K, capacity 45439K, committed 45516K, reserved 1089536K
  class space    used 5685K, capacity 6061K, committed 6092K, reserved 1048576K
}
Event: 5.912 GC heap after
{Heap after GC invocations=11 (full 0):
 garbage-first heap   total 155648K, used 29786K [0x0000000080000000, 0x0000000100000000)
  region size 1024K, 4 young (4096K), 4 survivors (4096K)
 Metaspace       used 44363K, capacity 45439K, committed 45516K, reserved 1089536K
  class space    used 5685K, capacity 6061K, committed 6092K, reserved 1048576K
}
Event: 7.108 GC heap before
{Heap before GC invocations=11 (full 0):
 garbage-first heap   total 155648K, used 102490K [0x0000000080000000, 0x0000000100000000)
  region size 1024K, 75 young (76800K), 4 survivors (4096K)
 Metaspace       used 47915K, capacity 49234K, committed 49484K, reserved 1091584K
  class space    used 6123K, capacity 6600K, committed 6732K, reserved 1048576K
}
Event: 7.116 GC heap after
{Heap after GC invocations=12 (full 0):
 garbage-first heap   total 155648K, used 32630K [0x0000000080000000, 0x0000000100000000)
  region size 1024K, 7 young (7168K), 7 survivors (7168K)
 Metaspace       used 47915K, capacity 49234K, committed 49484K, reserved 1091584K
  class space    used 6123K, capacity 6600K, committed 6732K, reserved 1048576K
}
Event: 8.783 GC heap before
{Heap before GC invocations=12 (full 0):
 garbage-first heap   total 155648K, used 118646K [0x0000000080000000, 0x0000000100000000)
  region size 1024K, 87 young (89088K), 7 survivors (7168K)
 Metaspace       used 57233K, capacity 58713K, committed 58828K, reserved 1099776K
  class space    used 7279K, capacity 7799K, committed 7884K, reserved 1048576K
}
Event: 8.797 GC heap after
{Heap after GC invocations=13 (full 0):
 garbage-first heap   total 155648K, used 46014K [0x0000000080000000, 0x0000000100000000)
  region size 1024K, 11 young (11264K), 11 survivors (11264K)
 Metaspace       used 57233K, capacity 58713K, committed 58828K, reserved 1099776K
  class space    used 7279K, capacity 7799K, committed 7884K, reserved 1048576K
}
Event: 8.984 GC heap before
{Heap before GC invocations=13 (full 0):
 garbage-first heap   total 155648K, used 52158K [0x0000000080000000, 0x0000000100000000)
  region size 1024K, 18 young (18432K), 11 survivors (11264K)
 Metaspace       used 58693K, capacity 60130K, committed 60236K, reserved 1101824K
  class space    used 7468K, capacity 7974K, committed 8012K, reserved 1048576K
}
Event: 8.999 GC heap after
{Heap after GC invocations=14 (full 0):
 garbage-first heap   total 155648K, used 47658K [0x0000000080000000, 0x0000000100000000)
  region size 1024K, 2 young (2048K), 2 survivors (2048K)
 Metaspace       used 58693K, capacity 60130K, committed 60236K, reserved 1101824K
  class space    used 7468K, capacity 7974K, committed 8012K, reserved 1048576K
}
Event: 10.124 GC heap before
{Heap before GC invocations=15 (full 0):
 garbage-first heap   total 155648K, used 92714K [0x0000000080000000, 0x0000000100000000)
  region size 1024K, 47 young (48128K), 2 survivors (2048K)
 Metaspace       used 63254K, capacity 64828K, committed 64972K, reserved 1105920K
  class space    used 8004K, capacity 8574K, committed 8652K, reserved 1048576K
}
Event: 10.134 GC heap after
{Heap after GC invocations=16 (full 0):
 garbage-first heap   total 155648K, used 50789K [0x0000000080000000, 0x0000000100000000)
  region size 1024K, 5 young (5120K), 5 survivors (5120K)
 Metaspace       used 63254K, capacity 64828K, committed 64972K, reserved 1105920K
  class space    used 8004K, capacity 8574K, committed 8652K, reserved 1048576K
}
Event: 10.878 GC heap before
{Heap before GC invocations=17 (full 0):
 garbage-first heap   total 155648K, used 98917K [0x0000000080000000, 0x0000000100000000)
  region size 1024K, 52 young (53248K), 5 survivors (5120K)
 Metaspace       used 64724K, capacity 66392K, committed 66508K, reserved 1107968K
  class space    used 8236K, capacity 8831K, committed 8908K, reserved 1048576K
}

