# JRE version: OpenJDK Runtime Environment (11.0.12+7) (build 11.0.12+7-b1504.28-7817840)
# Java VM: OpenJDK 64-Bit Server VM (11.0.12+7-b1504.28-7817840, mixed mode, tiered, compressed oops, g1 gc, windows-amd64)
Heap:
 garbage-first heap   total 647168K, used 231022K [0x0000000080000000, 0x0000000100000000)
  region size 1024K, 3 young (3072K), 3 survivors (3072K)
 Metaspace       used 92679K, capacity 94978K, committed 95308K, reserved 1132544K
  class space    used 12203K, capacity 13050K, committed 13132K, reserved 1048576K
GC Heap History (20 events):
Event: 30.360 GC heap after
{Heap after GC invocations=32 (full 0):
 garbage-first heap   total 176128K, used 140252K [0x0000000080000000, 0x0000000100000000)
  region size 1024K, 3 young (3072K), 3 survivors (3072K)
 Metaspace       used 90049K, capacity 92267K, committed 92492K, reserved 1128448K
  class space    used 11688K, capacity 12507K, committed 12620K, reserved 1048576K
}
Event: 30.556 GC heap before
{Heap before GC invocations=32 (full 0):
 garbage-first heap   total 176128K, used 157660K [0x0000000080000000, 0x0000000100000000)
  region size 1024K, 13 young (13312K), 3 survivors (3072K)
 Metaspace       used 90341K, capacity 92630K, committed 92748K, reserved 1130496K
  class space    used 11717K, capacity 12542K, committed 12620K, reserved 1048576K
}
Event: 30.565 GC heap after
{Heap after GC invocations=33 (full 0):
 garbage-first heap   total 176128K, used 148461K [0x0000000080000000, 0x0000000100000000)
  region size 1024K, 2 young (2048K), 2 survivors (2048K)
 Metaspace       used 90341K, capacity 92630K, committed 92748K, reserved 1130496K
  class space    used 11717K, capacity 12542K, committed 12620K, reserved 1048576K
}
Event: 30.640 GC heap before
{Heap before GC invocations=33 (full 0):
 garbage-first heap   total 176128K, used 153581K [0x0000000080000000, 0x0000000100000000)
  region size 1024K, 8 young (8192K), 2 survivors (2048K)
 Metaspace       used 90369K, capacity 92644K, committed 92748K, reserved 1130496K
  class space    used 11726K, capacity 12547K, committed 12620K, reserved 1048576K
}
Event: 30.651 GC heap after
{Heap after GC invocations=34 (full 0):
 garbage-first heap   total 214016K, used 150906K [0x0000000080000000, 0x0000000100000000)
  region size 1024K, 1 young (1024K), 1 survivors (1024K)
 Metaspace       used 90369K, capacity 92644K, committed 92748K, reserved 1130496K
  class space    used 11726K, capacity 12547K, committed 12620K, reserved 1048576K
}
Event: 30.882 GC heap before
{Heap before GC invocations=35 (full 0):
 garbage-first heap   total 214016K, used 168314K [0x0000000080000000, 0x0000000100000000)
  region size 1024K, 19 young (19456K), 1 survivors (1024K)
 Metaspace       used 90370K, capacity 92644K, committed 92748K, reserved 1130496K
  class space    used 11726K, capacity 12547K, committed 12620K, reserved 1048576K
}
Event: 30.898 GC heap after
{Heap after GC invocations=36 (full 0):
 garbage-first heap   total 214016K, used 159466K [0x0000000080000000, 0x0000000100000000)
  region size 1024K, 3 young (3072K), 3 survivors (3072K)
 Metaspace       used 90370K, capacity 92644K, committed 92748K, reserved 1130496K
  class space    used 11726K, capacity 12547K, committed 12620K, reserved 1048576K
}
Event: 31.173 GC heap before
{Heap before GC invocations=36 (full 0):
 garbage-first heap   total 214016K, used 176874K [0x0000000080000000, 0x0000000100000000)
  region size 1024K, 19 young (19456K), 3 survivors (3072K)
 Metaspace       used 90370K, capacity 92644K, committed 92748K, reserved 1130496K
  class space    used 11726K, capacity 12547K, committed 12620K, reserved 1048576K
}
Event: 31.192 GC heap after
{Heap after GC invocations=37 (full 0):
 garbage-first heap   total 214016K, used 167545K [0x0000000080000000, 0x0000000100000000)
  region size 1024K, 3 young (3072K), 3 survivors (3072K)
 Metaspace       used 90370K, capacity 92644K, committed 92748K, reserved 1130496K
  class space    used 11726K, capacity 12547K, committed 12620K, reserved 1048576K
}
Event: 31.312 GC heap before
{Heap before GC invocations=38 (full 0):
 garbage-first heap   total 214016K, used 178809K [0x0000000080000000, 0x0000000100000000)
  region size 1024K, 15 young (15360K), 3 survivors (3072K)
 Metaspace       used 90370K, capacity 92644K, committed 92748K, reserved 1130496K
  class space    used 11726K, capacity 12547K, committed 12620K, reserved 1048576K
}
Event: 31.326 GC heap after
{Heap after GC invocations=39 (full 0):
 garbage-first heap   total 214016K, used 172513K [0x0000000080000000, 0x0000000100000000)
  region size 1024K, 2 young (2048K), 2 survivors (2048K)
 Metaspace       used 90370K, capacity 92644K, committed 92748K, reserved 1130496K
  class space    used 11726K, capacity 12547K, committed 12620K, reserved 1048576K
}
Event: 31.378 GC heap before
{Heap before GC invocations=39 (full 0):
 garbage-first heap   total 214016K, used 180705K [0x0000000080000000, 0x0000000100000000)
  region size 1024K, 11 young (11264K), 2 survivors (2048K)
 Metaspace       used 90370K, capacity 92644K, committed 92748K, reserved 1130496K
  class space    used 11726K, capacity 12547K, committed 12620K, reserved 1048576K
}
Event: 31.395 GC heap after
{Heap after GC invocations=40 (full 0):
 garbage-first heap   total 296960K, used 177152K [0x0000000080000000, 0x0000000100000000)
  region size 1024K, 2 young (2048K), 2 survivors (2048K)
 Metaspace       used 90370K, capacity 92644K, committed 92748K, reserved 1130496K
  class space    used 11726K, capacity 12547K, committed 12620K, reserved 1048576K
}
Event: 32.045 GC heap before
{Heap before GC invocations=41 (full 0):
 garbage-first heap   total 296960K, used 214016K [0x0000000080000000, 0x0000000100000000)
  region size 1024K, 34 young (34816K), 2 survivors (2048K)
 Metaspace       used 92573K, capacity 94902K, committed 95052K, reserved 1130496K
  class space    used 12203K, capacity 13050K, committed 13132K, reserved 1048576K
}
Event: 32.131 GC heap after
{Heap after GC invocations=42 (full 0):
 garbage-first heap   total 296960K, used 194669K [0x0000000080000000, 0x0000000100000000)
  region size 1024K, 5 young (5120K), 5 survivors (5120K)
 Metaspace       used 92573K, capacity 94902K, committed 95052K, reserved 1130496K
  class space    used 12203K, capacity 13050K, committed 13132K, reserved 1048576K
}
Event: 32.294 GC heap before
{Heap before GC invocations=42 (full 0):
 garbage-first heap   total 296960K, used 223341K [0x0000000080000000, 0x0000000100000000)
  region size 1024K, 33 young (33792K), 5 survivors (5120K)
 Metaspace       used 92666K, capacity 94975K, committed 95308K, reserved 1132544K
  class space    used 12203K, capacity 13050K, committed 13132K, reserved 1048576K
}
Event: 32.342 GC heap after
{Heap after GC invocations=43 (full 0):
 garbage-first heap   total 296960K, used 210124K [0x0000000080000000, 0x0000000100000000)
  region size 1024K, 5 young (5120K), 5 survivors (5120K)
 Metaspace       used 92666K, capacity 94975K, committed 95308K, reserved 1132544K
  class space    used 12203K, capacity 13050K, committed 13132K, reserved 1048576K
}
Event: 32.563 GC heap before
{Heap before GC invocations=43 (full 0):
 garbage-first heap   total 296960K, used 233676K [0x0000000080000000, 0x0000000100000000)
  region size 1024K, 28 young (28672K), 5 survivors (5120K)
 Metaspace       used 92677K, capacity 94978K, committed 95308K, reserved 1132544K
  class space    used 12203K, capacity 13050K, committed 13132K, reserved 1048576K
}
Event: 32.584 GC heap after
{Heap after GC invocations=44 (full 0):
 garbage-first heap   total 296960K, used 222528K [0x0000000080000000, 0x0000000100000000)
  region size 1024K, 4 young (4096K), 4 survivors (4096K)
 Metaspace       used 92677K, capacity 94978K, committed 95308K, reserved 1132544K
  class space    used 12203K, capacity 13050K, committed 13132K, reserved 1048576K
}
Event: 32.978 GC heap before
{Heap before GC invocations=44 (full 0):
 garbage-first heap   total 296960K, used 238912K [0x0000000080000000, 0x0000000100000000)
  region size 1024K, 22 young (22528K), 4 survivors (4096K)
 Metaspace       used 92679K, capacity 94978K, committed 95308K, reserved 1132544K
  class space    used 12203K, capacity 13050K, committed 13132K, reserved 1048576K
}

